app/build/intermediates/manifest_merge_blame_file/alphaDebug/manifest-merger-blame-alpha-debug-report.txt
1<?xml version="1.0" encoding="utf-8"?>
2<manifest xmlns:android="http://schemas.android.com/apk/res/android"
3    package="org.wikipedia.alpha"
4    android:installLocation="auto"
5    android:versionCode="50387"
6    android:versionName="2.7.50387-alpha-2021-11-30" >
7
8    <uses-sdk
9        android:minSdkVersion="21"
10        android:targetSdkVersion="31" />
11    <!--
12    If the build is intended to be Google Play-updateable, the package name
13    should be the same as for Google Play (name depends on Beta or Stable).
14    Otherwise, if the build is not intended to be Google Play-updateable (e.g.,
15    updateable via an alternative appstore update mechanism), the package name
16    should be specific to the update mechanism channel.
17    -->
18    <uses-permission android:name="android.permission.INTERNET" />
18-->src\main\AndroidManifest.xml:15:5-67
18-->src\main\AndroidManifest.xml:15:22-64
19    <uses-permission android:name="android.permission.WRITE_EXTERNAL_STORAGE" />
19-->src\main\AndroidManifest.xml:16:5-102
19-->src\main\AndroidManifest.xml:16:22-78
20    <uses-permission android:name="android.permission.ACCESS_NETWORK_STATE" />
20-->src\main\AndroidManifest.xml:17:5-79
20-->src\main\AndroidManifest.xml:17:22-76
21    <uses-permission
21-->src\main\AndroidManifest.xml:19:5-21:38
22        android:name="android.permission.GET_ACCOUNTS"
22-->src\main\AndroidManifest.xml:20:9-55
23        android:maxSdkVersion="22" />
23-->src\main\AndroidManifest.xml:21:9-35
24    <uses-permission
24-->src\main\AndroidManifest.xml:22:5-24:38
25        android:name="android.permission.AUTHENTICATE_ACCOUNTS"
25-->src\main\AndroidManifest.xml:23:9-64
26        android:maxSdkVersion="22" />
26-->src\main\AndroidManifest.xml:24:9-35
27    <uses-permission
27-->src\main\AndroidManifest.xml:25:5-27:38
28        android:name="android.permission.MANAGE_ACCOUNTS"
28-->src\main\AndroidManifest.xml:26:9-58
29        android:maxSdkVersion="22" /> <!-- For notifications, e.g. User account notices, etc. -->
29-->src\main\AndroidManifest.xml:27:9-35
30    <uses-permission android:name="android.permission.VIBRATE" /> <!-- For being able to receive notifications upon boot -->
30-->src\main\AndroidManifest.xml:30:5-65
30-->src\main\AndroidManifest.xml:30:22-63
31    <uses-permission android:name="android.permission.RECEIVE_BOOT_COMPLETED" />
31-->src\main\AndroidManifest.xml:33:5-81
31-->src\main\AndroidManifest.xml:33:22-78
32
33    <uses-feature
33-->src\main\AndroidManifest.xml:35:5-105
34        android:name="android.hardware.wifi"
34-->src\main\AndroidManifest.xml:35:19-55
35        android:required="false" /> <!-- For keeping the device awake while performing background tasks, such as syncing offline articles. -->
35-->src\main\AndroidManifest.xml:35:77-101
36    <uses-permission android:name="android.permission.WAKE_LOCK" />
36-->src\main\AndroidManifest.xml:38:5-68
36-->src\main\AndroidManifest.xml:38:22-65
37    <!--
38        Don't let Google Play filter out devices that just have fake touch
39        (e.g. mouse and keyboard instead of a real touchscreen).
40    -->
41    <uses-feature
41-->src\main\AndroidManifest.xml:44:5-90
42        android:name="android.hardware.touchscreen"
42-->src\main\AndroidManifest.xml:44:19-62
43        android:required="false" />
43-->src\main\AndroidManifest.xml:44:63-87
44
45    <queries>
45-->src\main\AndroidManifest.xml:46:5-51:15
46        <intent>
46-->src\main\AndroidManifest.xml:47:9-50:18
47            <action android:name="android.intent.action.VIEW" />
47-->src\main\AndroidManifest.xml:48:13-65
47-->src\main\AndroidManifest.xml:48:21-62
48
49            <data android:scheme="https" />
49-->src\main\AndroidManifest.xml:49:13-44
49-->src\main\AndroidManifest.xml:49:19-41
50        </intent>
51    </queries>
52
53    <uses-permission android:name="com.google.android.finsky.permission.BIND_GET_INSTALL_REFERRER_SERVICE" /> <!-- To store the heap dumps and leak analysis results. -->
53-->[com.android.installreferrer:installreferrer:2.2] AndroidManifest.xml:9:5-110
53-->[com.android.installreferrer:installreferrer:2.2] AndroidManifest.xml:9:22-107
54    <uses-permission android:name="android.permission.READ_EXTERNAL_STORAGE" /> <!-- To allow starting foreground services on Android P+ - https://developer.android.com/preview/behavior-changes#fg-svc -->
54-->[com.squareup.leakcanary:leakcanary-android-core:2.7] AndroidManifest.xml:23:5-80
54-->[com.squareup.leakcanary:leakcanary-android-core:2.7] AndroidManifest.xml:23:22-77
55    <uses-permission android:name="android.permission.FOREGROUND_SERVICE" /> <!-- Required by older versions of Google Play services to create IID tokens -->
55-->[com.squareup.leakcanary:leakcanary-android-core:2.7] AndroidManifest.xml:26:5-77
55-->[com.squareup.leakcanary:leakcanary-android-core:2.7] AndroidManifest.xml:26:22-74
56    <uses-permission android:name="com.google.android.c2dm.permission.RECEIVE" />
56-->[com.google.firebase:firebase-messaging:23.0.0] AndroidManifest.xml:25:5-82
56-->[com.google.firebase:firebase-messaging:23.0.0] AndroidManifest.xml:25:22-79
57
58    <application
58-->src\main\AndroidManifest.xml:53:5-372:19
59        android:name="org.wikipedia.WikipediaApp"
59-->src\main\AndroidManifest.xml:59:9-37
60        android:allowBackup="true"
60-->src\main\AndroidManifest.xml:54:9-35
61        android:appComponentFactory="androidx.core.app.CoreComponentFactory"
61-->[androidx.core:core:1.7.0] AndroidManifest.xml:24:18-86
62        android:debuggable="true"
63        android:fullBackupContent="@xml/full_backup_rules"
63-->src\main\AndroidManifest.xml:55:9-59
64        android:icon="@mipmap/launcher"
64-->src\main\AndroidManifest.xml:57:9-40
65        android:label="@string/app_name"
65-->src\main\AndroidManifest.xml:58:9-41
66        android:supportsRtl="true"
66-->src\main\AndroidManifest.xml:56:9-35
67        android:theme="@style/AppTheme"
67-->src\main\AndroidManifest.xml:60:9-40
68        android:usesCleartextTraffic="true" >
68-->src\debug\AndroidManifest.xml:3:9-44
69
70        <!-- Multi-window support on Samsung devices -->
71        <uses-library
71-->src\main\AndroidManifest.xml:63:9-97
72            android:name="com.sec.android.app.multiwindow"
72-->src\main\AndroidManifest.xml:63:48-94
73            android:required="false" />
73-->src\main\AndroidManifest.xml:63:23-47
74
75        <meta-data
75-->src\main\AndroidManifest.xml:64:9-94
76            android:name="com.sec.android.support.multiwindow"
76-->src\main\AndroidManifest.xml:64:20-70
77            android:value="true" />
77-->src\main\AndroidManifest.xml:64:71-91
78        <!--
79        The following is used for determining the distribution channel.
80        Set "value" to "Google Play" for Google Play Store.
81        -->
82        <meta-data
82-->src\main\AndroidManifest.xml:70:9-104
83            android:name="@string/preference_key_app_channel"
83-->src\main\AndroidManifest.xml:70:20-69
84            android:value="@string/channel" />
84-->src\main\AndroidManifest.xml:70:70-101
85
86        <activity
86-->src\main\AndroidManifest.xml:72:9-82:20
87            android:name="org.wikipedia.main.MainActivity"
87-->src\main\AndroidManifest.xml:73:13-46
88            android:exported="true"
88-->src\main\AndroidManifest.xml:76:13-36
89            android:theme="@style/AppTheme.Splash"
89-->src\main\AndroidManifest.xml:75:13-51
90            android:windowSoftInputMode="adjustResize" >
90-->src\main\AndroidManifest.xml:74:13-55
91            <intent-filter>
91-->src\main\AndroidManifest.xml:77:13-81:29
92                <action android:name="android.intent.action.MAIN" />
92-->src\main\AndroidManifest.xml:78:17-69
92-->src\main\AndroidManifest.xml:78:25-66
93
94                <category android:name="android.intent.category.LAUNCHER" />
94-->src\main\AndroidManifest.xml:79:17-77
94-->src\main\AndroidManifest.xml:79:27-74
95                <category android:name="android.intent.category.MULTIWINDOW_LAUNCHER" />
95-->src\main\AndroidManifest.xml:80:17-89
95-->src\main\AndroidManifest.xml:80:27-86
96            </intent-filter>
97        </activity>
98        <activity
98-->src\main\AndroidManifest.xml:83:9-109:20
99            android:name="org.wikipedia.page.PageActivity"
99-->src\main\AndroidManifest.xml:84:13-46
100            android:configChanges="orientation|screenSize"
100-->src\main\AndroidManifest.xml:86:13-59
101            android:exported="true"
101-->src\main\AndroidManifest.xml:90:13-36
102            android:launchMode="singleTask"
102-->src\main\AndroidManifest.xml:88:13-44
103            android:parentActivityName="org.wikipedia.main.MainActivity"
103-->src\main\AndroidManifest.xml:89:13-60
104            android:theme="@style/AppTheme.Page"
104-->src\main\AndroidManifest.xml:87:13-49
105            android:windowSoftInputMode="stateAlwaysHidden|adjustPan" >
105-->src\main\AndroidManifest.xml:85:13-70
106            <meta-data
106-->src\main\AndroidManifest.xml:91:13-93:54
107                android:name="android.support.PARENT_ACTIVITY"
107-->src\main\AndroidManifest.xml:92:17-63
108                android:value=".main.MainActivity" />
108-->src\main\AndroidManifest.xml:93:17-51
109
110            <intent-filter android:autoVerify="true" >
110-->src\main\AndroidManifest.xml:94:13-108:29
110-->src\main\AndroidManifest.xml:96:17-42
111                <action android:name="android.intent.action.VIEW" />
111-->src\main\AndroidManifest.xml:48:13-65
111-->src\main\AndroidManifest.xml:48:21-62
112
113                <category android:name="android.intent.category.DEFAULT" />
113-->src\main\AndroidManifest.xml:98:17-76
113-->src\main\AndroidManifest.xml:98:27-73
114                <category android:name="android.intent.category.BROWSABLE" />
114-->src\main\AndroidManifest.xml:99:17-78
114-->src\main\AndroidManifest.xml:99:27-75
115                <!--
116                     the following lines are merged
117                     https://developer.android.com/training/app-links/deep-linking.html
118                     so http and https apply to all prefixes
119                -->
120                <data android:scheme="http" />
120-->src\main\AndroidManifest.xml:49:13-44
120-->src\main\AndroidManifest.xml:49:19-41
121                <data android:scheme="https" />
121-->src\main\AndroidManifest.xml:49:13-44
121-->src\main\AndroidManifest.xml:49:19-41
122                <data
122-->src\main\AndroidManifest.xml:49:13-44
123                    android:host="*.wikipedia.org"
124                    android:pathPrefix="/wiki/" />
125                <data
125-->src\main\AndroidManifest.xml:49:13-44
126                    android:host="*.wikipedia.org"
127                    android:pathPattern="/zh.*" />
128                <data
128-->src\main\AndroidManifest.xml:49:13-44
129                    android:host="*.wikipedia.org"
130                    android:pathPattern="/sr.*" />
131            </intent-filter>
132        </activity>
133        <activity
133-->src\main\AndroidManifest.xml:110:9-114:86
134            android:name="org.wikipedia.settings.SettingsActivity"
134-->src\main\AndroidManifest.xml:111:13-54
135            android:configChanges="orientation|keyboardHidden|keyboard|screenSize"
135-->src\main\AndroidManifest.xml:114:13-83
136            android:label="@string/settings_activity_title"
136-->src\main\AndroidManifest.xml:112:13-60
137            android:theme="@style/AppTheme.ActionBar" />
137-->src\main\AndroidManifest.xml:113:13-54
138        <activity
138-->src\main\AndroidManifest.xml:115:9-119:86
139            android:name="org.wikipedia.settings.DeveloperSettingsActivity"
139-->src\main\AndroidManifest.xml:116:13-63
140            android:configChanges="orientation|keyboardHidden|keyboard|screenSize"
140-->src\main\AndroidManifest.xml:119:13-83
141            android:label="@string/developer_settings_activity_title"
141-->src\main\AndroidManifest.xml:117:13-70
142            android:theme="@style/AppTheme.ActionBar" />
142-->src\main\AndroidManifest.xml:118:13-54
143        <activity
143-->src\main\AndroidManifest.xml:120:9-123:57
144            android:name="org.wikipedia.settings.NotificationSettingsActivity"
144-->src\main\AndroidManifest.xml:121:13-66
145            android:label="@string/notification_preferences_title"
145-->src\main\AndroidManifest.xml:122:13-67
146            android:theme="@style/AppTheme.ActionBar" />
146-->src\main\AndroidManifest.xml:123:13-54
147        <activity
147-->src\main\AndroidManifest.xml:124:9-127:57
148            android:name="org.wikipedia.settings.AboutActivity"
148-->src\main\AndroidManifest.xml:125:13-51
149            android:label="@string/about_activity_title"
149-->src\main\AndroidManifest.xml:126:13-57
150            android:theme="@style/AppTheme.ActionBar" />
150-->src\main\AndroidManifest.xml:127:13-54
151        <activity
151-->src\main\AndroidManifest.xml:128:9-130:56
152            android:name="org.wikipedia.settings.languages.WikipediaLanguagesActivity"
152-->src\main\AndroidManifest.xml:128:19-80
153            android:label="@string/wikipedia_languages_title"
153-->src\main\AndroidManifest.xml:129:13-62
154            android:theme="@style/AppTheme.ActionBar" />
154-->src\main\AndroidManifest.xml:130:13-54
155        <activity
155-->src\main\AndroidManifest.xml:131:9-135:86
156            android:name="org.wikipedia.language.LangLinksActivity"
156-->src\main\AndroidManifest.xml:132:13-55
157            android:configChanges="orientation|keyboardHidden|keyboard|screenSize"
157-->src\main\AndroidManifest.xml:135:13-83
158            android:label="@string/langlinks_activity_title"
158-->src\main\AndroidManifest.xml:133:13-61
159            android:theme="@style/AppTheme.ActionBar" />
159-->src\main\AndroidManifest.xml:134:13-54
160        <activity
160-->src\main\AndroidManifest.xml:136:9-140:86
161            android:name="org.wikipedia.language.LanguagesListActivity"
161-->src\main\AndroidManifest.xml:137:13-59
162            android:configChanges="orientation|keyboardHidden|keyboard|screenSize"
162-->src\main\AndroidManifest.xml:140:13-83
163            android:label="@string/languages_list_activity_title"
163-->src\main\AndroidManifest.xml:138:13-66
164            android:theme="@style/AppTheme.ActionBar" />
164-->src\main\AndroidManifest.xml:139:13-54
165        <activity
165-->src\main\AndroidManifest.xml:141:9-145:57
166            android:name="org.wikipedia.suggestededits.SuggestionsActivity"
166-->src\main\AndroidManifest.xml:142:13-63
167            android:launchMode="singleTask"
167-->src\main\AndroidManifest.xml:143:13-44
168            android:theme="@style/AppTheme.ActionBar"
168-->src\main\AndroidManifest.xml:145:13-54
169            android:windowSoftInputMode="adjustPan" />
169-->src\main\AndroidManifest.xml:144:13-52
170        <activity
170-->src\main\AndroidManifest.xml:146:9-150:86
171            android:name="org.wikipedia.edit.EditSectionActivity"
171-->src\main\AndroidManifest.xml:147:13-53
172            android:configChanges="orientation|keyboardHidden|keyboard|screenSize"
172-->src\main\AndroidManifest.xml:150:13-83
173            android:theme="@style/AppTheme.ActionBar"
173-->src\main\AndroidManifest.xml:148:13-54
174            android:windowSoftInputMode="adjustResize|stateVisible" />
174-->src\main\AndroidManifest.xml:149:13-68
175        <activity
175-->src\main\AndroidManifest.xml:151:9-156:86
176            android:name="org.wikipedia.login.LoginActivity"
176-->src\main\AndroidManifest.xml:152:13-48
177            android:configChanges="orientation|keyboardHidden|keyboard|screenSize"
177-->src\main\AndroidManifest.xml:156:13-83
178            android:label="@string/login_activity_title"
178-->src\main\AndroidManifest.xml:153:13-57
179            android:theme="@style/AppTheme.ActionBar"
179-->src\main\AndroidManifest.xml:154:13-54
180            android:windowSoftInputMode="stateAlwaysHidden|adjustResize" />
180-->src\main\AndroidManifest.xml:155:13-73
181        <activity
181-->src\main\AndroidManifest.xml:157:9-162:86
182            android:name="org.wikipedia.createaccount.CreateAccountActivity"
182-->src\main\AndroidManifest.xml:158:13-64
183            android:configChanges="orientation|keyboardHidden|keyboard|screenSize"
183-->src\main\AndroidManifest.xml:162:13-83
184            android:label="@string/create_account_activity_title"
184-->src\main\AndroidManifest.xml:160:13-66
185            android:theme="@style/AppTheme.ActionBar"
185-->src\main\AndroidManifest.xml:159:13-54
186            android:windowSoftInputMode="stateAlwaysHidden|adjustResize" />
186-->src\main\AndroidManifest.xml:161:13-73
187        <activity
187-->src\main\AndroidManifest.xml:163:9-168:86
188            android:name="org.wikipedia.login.ResetPasswordActivity"
188-->src\main\AndroidManifest.xml:164:13-56
189            android:configChanges="orientation|keyboardHidden|keyboard|screenSize"
189-->src\main\AndroidManifest.xml:168:13-83
190            android:label="@string/reset_password_title"
190-->src\main\AndroidManifest.xml:165:13-57
191            android:theme="@style/AppTheme.ActionBar"
191-->src\main\AndroidManifest.xml:166:13-54
192            android:windowSoftInputMode="stateAlwaysHidden|adjustResize" />
192-->src\main\AndroidManifest.xml:167:13-73
193        <activity
193-->src\main\AndroidManifest.xml:169:9-172:58
194            android:name="org.wikipedia.gallery.GalleryActivity"
194-->src\main\AndroidManifest.xml:170:13-52
195            android:configChanges="orientation|screenSize"
195-->src\main\AndroidManifest.xml:171:13-59
196            android:theme="@style/AppTheme.FullScreen" />
196-->src\main\AndroidManifest.xml:172:13-55
197        <activity
197-->src\main\AndroidManifest.xml:173:9-183:20
198            android:name="org.wikipedia.settings.LicenseActivity"
198-->src\main\AndroidManifest.xml:174:13-53
199            android:exported="false"
199-->src\main\AndroidManifest.xml:177:13-37
200            android:theme="@style/AppTheme.ActionBar" >
200-->src\main\AndroidManifest.xml:175:13-54
201            <intent-filter>
201-->src\main\AndroidManifest.xml:178:13-182:29
202                <action android:name="android.intent.action.VIEW" />
202-->src\main\AndroidManifest.xml:48:13-65
202-->src\main\AndroidManifest.xml:48:21-62
203
204                <category android:name="android.intent.category.DEFAULT" />
204-->src\main\AndroidManifest.xml:98:17-76
204-->src\main\AndroidManifest.xml:98:27-73
205
206                <data
206-->src\main\AndroidManifest.xml:49:13-44
207                    android:pathPrefix="/android_asset/licenses/"
208                    android:scheme="content" />
208-->src\main\AndroidManifest.xml:49:19-41
209            </intent-filter>
210        </activity>
211        <activity android:name="org.wikipedia.feed.news.NewsActivity" />
211-->src\main\AndroidManifest.xml:185:9-186:54
211-->src\main\AndroidManifest.xml:186:13-51
212        <activity
212-->src\main\AndroidManifest.xml:188:9-191:58
213            android:name="org.wikipedia.descriptions.DescriptionEditActivity"
213-->src\main\AndroidManifest.xml:189:13-65
214            android:configChanges="orientation|screenSize"
214-->src\main\AndroidManifest.xml:190:13-59
215            android:windowSoftInputMode="adjustResize" />
215-->src\main\AndroidManifest.xml:191:13-55
216        <activity
216-->src\main\AndroidManifest.xml:193:9-207:20
217            android:name="org.wikipedia.search.SearchActivity"
217-->src\main\AndroidManifest.xml:194:13-50
218            android:exported="true"
218-->src\main\AndroidManifest.xml:196:13-36
219            android:windowSoftInputMode="adjustResize" >
219-->src\main\AndroidManifest.xml:195:13-55
220            <intent-filter android:label="@string/intent_share_search_label" >
220-->src\main\AndroidManifest.xml:197:13-201:29
220-->src\main\AndroidManifest.xml:197:28-77
221                <action android:name="android.intent.action.SEND" />
221-->src\main\AndroidManifest.xml:198:17-69
221-->src\main\AndroidManifest.xml:198:25-66
222
223                <category android:name="android.intent.category.DEFAULT" />
223-->src\main\AndroidManifest.xml:98:17-76
223-->src\main\AndroidManifest.xml:98:27-73
224
225                <data android:mimeType="text/plain" />
225-->src\main\AndroidManifest.xml:49:13-44
226            </intent-filter>
227            <intent-filter android:label="@string/intent_share_search_label" >
227-->src\main\AndroidManifest.xml:202:13-206:29
227-->src\main\AndroidManifest.xml:202:28-77
228                <action android:name="android.intent.action.PROCESS_TEXT" />
228-->src\main\AndroidManifest.xml:203:17-77
228-->src\main\AndroidManifest.xml:203:25-74
229
230                <category android:name="android.intent.category.DEFAULT" />
230-->src\main\AndroidManifest.xml:98:17-76
230-->src\main\AndroidManifest.xml:98:27-73
231
232                <data android:mimeType="text/plain" />
232-->src\main\AndroidManifest.xml:49:13-44
233            </intent-filter>
234        </activity>
235        <activity
235-->src\main\AndroidManifest.xml:209:9-212:63
236            android:name="org.wikipedia.descriptions.DescriptionEditSuccessActivity"
236-->src\main\AndroidManifest.xml:210:13-72
237            android:theme="@style/AppTheme.FullScreen.Translucent"
237-->src\main\AndroidManifest.xml:211:13-67
238            android:windowSoftInputMode="stateAlwaysHidden" />
238-->src\main\AndroidManifest.xml:212:13-60
239        <activity android:name="org.wikipedia.descriptions.DescriptionEditTutorialActivity" />
239-->src\main\AndroidManifest.xml:214:9-215:76
239-->src\main\AndroidManifest.xml:215:13-73
240        <activity android:name="org.wikipedia.readinglist.ReadingListActivity" />
240-->src\main\AndroidManifest.xml:217:9-218:63
240-->src\main\AndroidManifest.xml:218:13-60
241        <activity android:name="org.wikipedia.onboarding.InitialOnboardingActivity" />
241-->src\main\AndroidManifest.xml:220:9-221:67
241-->src\main\AndroidManifest.xml:221:13-65
242        <activity android:name="org.wikipedia.feed.topread.TopReadArticlesActivity" />
242-->src\main\AndroidManifest.xml:223:9-224:67
242-->src\main\AndroidManifest.xml:224:13-65
243        <activity
243-->src\main\AndroidManifest.xml:226:9-227:61
244            android:name="org.wikipedia.feed.onthisday.OnThisDayActivity"
244-->src\main\AndroidManifest.xml:226:19-67
245            android:configChanges="orientation|screenSize" />
245-->src\main\AndroidManifest.xml:227:13-59
246        <activity
246-->src\main\AndroidManifest.xml:229:9-231:56
247            android:name="org.wikipedia.feed.configure.ConfigureActivity"
247-->src\main\AndroidManifest.xml:229:19-67
248            android:label="@string/feed_configure_activity_title"
248-->src\main\AndroidManifest.xml:230:13-66
249            android:theme="@style/AppTheme.ActionBar" />
249-->src\main\AndroidManifest.xml:231:13-54
250        <activity
250-->src\main\AndroidManifest.xml:233:9-235:56
251            android:name="org.wikipedia.random.RandomActivity"
251-->src\main\AndroidManifest.xml:233:19-56
252            android:label="@string/view_random_card_title"
252-->src\main\AndroidManifest.xml:234:13-59
253            android:theme="@style/AppTheme.ActionBar" />
253-->src\main\AndroidManifest.xml:235:13-54
254        <activity
254-->src\main\AndroidManifest.xml:237:9-239:56
255            android:name="org.wikipedia.theme.ThemeFittingRoomActivity"
255-->src\main\AndroidManifest.xml:237:19-65
256            android:label="@string/preference_title_app_theme"
256-->src\main\AndroidManifest.xml:238:13-63
257            android:theme="@style/AppTheme.ActionBar" />
257-->src\main\AndroidManifest.xml:239:13-54
258        <activity
258-->src\main\AndroidManifest.xml:241:9-244:60
259            android:name="org.wikipedia.notifications.NotificationActivity"
259-->src\main\AndroidManifest.xml:242:13-63
260            android:configChanges="orientation|keyboardHidden|keyboard|screenSize"
260-->src\main\AndroidManifest.xml:243:13-83
261            android:theme="@style/AppTheme.Notification" />
261-->src\main\AndroidManifest.xml:244:13-57
262        <activity
262-->src\main\AndroidManifest.xml:246:9-248:47
263            android:name="org.wikipedia.page.tabs.TabActivity"
263-->src\main\AndroidManifest.xml:247:13-50
264            android:theme="@style/AppTheme" />
264-->src\main\AndroidManifest.xml:248:13-44
265        <activity android:name="org.wikipedia.suggestededits.SuggestedEditsImageTagsOnboardingActivity" />
265-->src\main\AndroidManifest.xml:250:9-94
265-->src\main\AndroidManifest.xml:250:19-91
266        <activity
266-->src\main\AndroidManifest.xml:252:9-253:56
267            android:name="org.wikipedia.watchlist.WatchlistActivity"
267-->src\main\AndroidManifest.xml:252:19-62
268            android:theme="@style/AppTheme.ActionBar" />
268-->src\main\AndroidManifest.xml:253:13-54
269        <activity
269-->src\main\AndroidManifest.xml:255:9-257:57
270            android:name="org.wikipedia.suggestededits.SuggestedEditsImageTagEditActivity"
270-->src\main\AndroidManifest.xml:256:13-78
271            android:theme="@style/AppTheme.ActionBar" />
271-->src\main\AndroidManifest.xml:257:13-54
272        <activity
272-->src\main\AndroidManifest.xml:259:9-263:57
273            android:name="org.wikipedia.userprofile.ContributionsActivity"
273-->src\main\AndroidManifest.xml:260:13-62
274            android:configChanges="orientation|keyboardHidden|keyboard|screenSize"
274-->src\main\AndroidManifest.xml:261:13-83
275            android:label=""
275-->src\main\AndroidManifest.xml:262:13-29
276            android:theme="@style/AppTheme.ActionBar" />
276-->src\main\AndroidManifest.xml:263:13-54
277        <activity
277-->src\main\AndroidManifest.xml:265:9-267:52
278            android:name="org.wikipedia.userprofile.ContributionDetailsActivity"
278-->src\main\AndroidManifest.xml:266:13-68
279            android:theme="@style/AppTheme.Page" />
279-->src\main\AndroidManifest.xml:267:13-49
280        <activity
280-->src\main\AndroidManifest.xml:269:9-272:56
281            android:name="org.wikipedia.commons.FilePageActivity"
281-->src\main\AndroidManifest.xml:270:13-53
282            android:label=""
282-->src\main\AndroidManifest.xml:271:13-29
283            android:theme="@style/AppTheme.ActionBar" />
283-->src\main\AndroidManifest.xml:272:13-54
284        <activity
284-->src\main\AndroidManifest.xml:274:9-277:57
285            android:name="org.wikipedia.talk.TalkTopicsActivity"
285-->src\main\AndroidManifest.xml:275:13-52
286            android:label=""
286-->src\main\AndroidManifest.xml:276:13-29
287            android:theme="@style/AppTheme.ActionBar" />
287-->src\main\AndroidManifest.xml:277:13-54
288        <activity android:name="org.wikipedia.talk.TalkTopicActivity" />
288-->src\main\AndroidManifest.xml:279:9-280:54
288-->src\main\AndroidManifest.xml:280:13-51
289        <activity
289-->src\main\AndroidManifest.xml:282:9-285:58
290            android:name="org.wikipedia.diff.ArticleEditDetailsActivity"
290-->src\main\AndroidManifest.xml:283:13-60
291            android:label=""
291-->src\main\AndroidManifest.xml:284:13-29
292            android:theme="@style/AppTheme.ActionBar" />
292-->src\main\AndroidManifest.xml:285:13-54
293        <activity
293-->src\main\AndroidManifest.xml:287:9-291:86
294            android:name="org.wikipedia.notifications.NotificationFilterActivity"
294-->src\main\AndroidManifest.xml:288:13-69
295            android:configChanges="orientation|keyboardHidden|keyboard|screenSize"
295-->src\main\AndroidManifest.xml:291:13-83
296            android:label="@string/notifications_filter_label"
296-->src\main\AndroidManifest.xml:289:13-63
297            android:theme="@style/AppTheme.ActionBar" />
297-->src\main\AndroidManifest.xml:290:13-54
298
299        <provider
300            android:name="androidx.core.content.FileProvider"
301            android:authorities="org.wikipedia.alpha.fileprovider"
302            android:exported="false"
303            android:grantUriPermissions="true" >
304            <meta-data
304-->[com.squareup.leakcanary:leakcanary-android-core:2.7] AndroidManifest.xml:34:13-36:66
305                android:name="android.support.FILE_PROVIDER_PATHS"
305-->[com.squareup.leakcanary:leakcanary-android-core:2.7] AndroidManifest.xml:35:17-67
306                android:resource="@xml/file_paths" />
306-->[com.squareup.leakcanary:leakcanary-android-core:2.7] AndroidManifest.xml:36:17-63
307        </provider>
308
309        <receiver
309-->src\main\AndroidManifest.xml:303:9-315:20
310            android:name="org.wikipedia.widgets.WidgetProviderSearch"
310-->src\main\AndroidManifest.xml:306:13-70
311            android:exported="true"
311-->src\main\AndroidManifest.xml:307:13-36
312            android:icon="@mipmap/launcher"
312-->src\main\AndroidManifest.xml:304:13-44
313            android:label="@string/widget_name_search" >
313-->src\main\AndroidManifest.xml:305:13-55
314            <intent-filter>
314-->src\main\AndroidManifest.xml:308:13-310:29
315                <action android:name="android.appwidget.action.APPWIDGET_UPDATE" />
315-->src\main\AndroidManifest.xml:309:17-84
315-->src\main\AndroidManifest.xml:309:25-81
316            </intent-filter>
317
318            <meta-data
318-->src\main\AndroidManifest.xml:312:13-314:57
319                android:name="android.appwidget.provider"
319-->src\main\AndroidManifest.xml:313:17-58
320                android:resource="@xml/widget_search" />
320-->src\main\AndroidManifest.xml:314:17-54
321        </receiver>
322        <receiver
322-->src\main\AndroidManifest.xml:317:9-329:20
323            android:name="org.wikipedia.widgets.WidgetProviderFeaturedPage"
323-->src\main\AndroidManifest.xml:320:13-76
324            android:exported="true"
324-->src\main\AndroidManifest.xml:321:13-36
325            android:icon="@mipmap/launcher"